mode: atomic
tea-logistics/cmd/api/main.go:29.13,31.40 1 0
tea-logistics/cmd/api/main.go:31.40,33.3 1 0
tea-logistics/cmd/api/main.go:36.13,38.42 1 0
tea-logistics/cmd/api/main.go:38.42,40.3 1 0
tea-logistics/cmd/api/main.go:41.2,45.62 3 0
tea-logistics/cmd/api/main.go:45.62,47.3 1 0
tea-logistics/cmd/api/main.go:50.2,51.16 2 0
tea-logistics/cmd/api/main.go:51.16,53.3 1 0
tea-logistics/cmd/api/main.go:55.2,59.16 3 0
tea-logistics/cmd/api/main.go:59.16,61.3 1 0
tea-logistics/cmd/api/main.go:64.2,65.16 2 0
tea-logistics/cmd/api/main.go:65.16,67.3 1 0
tea-logistics/cmd/api/main.go:68.2,71.34 2 0
tea-logistics/cmd/api/main.go:71.34,73.3 1 0
tea-logistics/cmd/api/main.go:76.2,125.12 31 0
tea-logistics/cmd/api/main.go:125.12,126.77 1 0
tea-logistics/cmd/api/main.go:126.77,128.4 1 0
tea-logistics/cmd/api/main.go:132.2,141.42 7 0
tea-logistics/cmd/api/main.go:141.42,143.3 1 0
tea-logistics/pkg/database/db.go:19.21,31.16 4 0
tea-logistics/pkg/database/db.go:31.16,33.3 1 0
tea-logistics/pkg/database/db.go:36.2,40.33 3 0
tea-logistics/pkg/database/db.go:40.33,42.3 1 0
tea-logistics/pkg/database/db.go:44.2,44.12 1 0
tea-logistics/pkg/database/db.go:48.22,50.2 1 0
tea-logistics/pkg/database/db.go:53.22,54.15 1 0
tea-logistics/pkg/database/db.go:54.15,56.3 1 0
tea-logistics/pkg/database/db.go:57.2,57.12 1 0
tea-logistics/pkg/database/migration.go:17.48,20.16 2 0
tea-logistics/pkg/database/migration.go:20.16,22.3 1 0
tea-logistics/pkg/database/migration.go:25.2,26.26 2 0
tea-logistics/pkg/database/migration.go:26.26,27.42 1 0
tea-logistics/pkg/database/migration.go:27.42,29.4 1 0
tea-logistics/pkg/database/migration.go:31.2,35.39 3 0
tea-logistics/pkg/database/migration.go:35.39,40.17 3 0
tea-logistics/pkg/database/migration.go:40.17,42.4 1 0
tea-logistics/pkg/database/migration.go:45.3,46.17 2 0
tea-logistics/pkg/database/migration.go:46.17,48.4 1 0
tea-logistics/pkg/database/migration.go:51.3,51.53 1 0
tea-logistics/pkg/database/migration.go:51.53,54.4 2 0
tea-logistics/pkg/database/migration.go:57.3,57.37 1 0
tea-logistics/pkg/database/migration.go:57.37,59.4 1 0
tea-logistics/pkg/database/migration.go:61.3,61.64 1 0
tea-logistics/pkg/database/migration.go:64.2,64.12 1 0
tea-logistics/pkg/config/config.go:21.36,23.17 2 0
tea-logistics/pkg/config/config.go:23.17,25.3 1 0
tea-logistics/pkg/config/config.go:27.2,28.16 2 0
tea-logistics/pkg/config/config.go:28.16,30.3 1 0
tea-logistics/pkg/config/config.go:32.2,33.21 2 0
tea-logistics/pkg/config/config.go:33.21,35.3 1 0
tea-logistics/pkg/config/config.go:37.2,41.8 1 0
tea-logistics/pkg/auth/utils.go:24.52,26.16 2 0
tea-logistics/pkg/auth/utils.go:26.16,28.3 1 0
tea-logistics/pkg/auth/utils.go:29.2,29.27 1 0
tea-logistics/pkg/auth/utils.go:33.48,36.2 2 0
tea-logistics/pkg/auth/utils.go:39.77,55.16 5 0
tea-logistics/pkg/auth/utils.go:55.16,57.3 1 0
tea-logistics/pkg/auth/utils.go:59.2,59.43 1 0
tea-logistics/pkg/auth/utils.go:63.77,64.116 1 0
tea-logistics/pkg/auth/utils.go:64.116,65.58 1 0
tea-logistics/pkg/auth/utils.go:65.58,67.4 1 0
tea-logistics/pkg/auth/utils.go:68.3,68.29 1 0
tea-logistics/pkg/auth/utils.go:71.2,71.16 1 0
tea-logistics/pkg/auth/utils.go:71.16,73.3 1 0
tea-logistics/pkg/auth/utils.go:75.2,75.73 1 0
tea-logistics/pkg/auth/utils.go:75.73,77.3 1 0
tea-logistics/pkg/auth/utils.go:79.2,79.49 1 0
tea-logistics/pkg/models/auth.go:77.37,79.16 2 0
tea-logistics/pkg/models/auth.go:79.16,81.3 1 0
tea-logistics/pkg/models/auth.go:82.2,83.12 2 0
tea-logistics/pkg/models/auth.go:87.52,90.2 2 0
tea-logistics/pkg/models/role.go:19.34,20.14 1 0
tea-logistics/pkg/models/role.go:21.56,22.14 1 0
tea-logistics/pkg/models/role.go:23.10,24.15 1 0
tea-logistics/pkg/models/role.go:29.51,30.14 1 0
tea-logistics/pkg/models/role.go:31.17,32.14 1 0
tea-logistics/pkg/models/role.go:33.19,34.31 1 0
tea-logistics/pkg/models/role.go:35.20,36.60 1 0
tea-logistics/pkg/models/role.go:37.18,38.32 1 0
tea-logistics/pkg/models/role.go:39.10,40.15 1 0
tea-logistics/pkg/middleware/auth.go:21.39,22.30 1 0
tea-logistics/pkg/middleware/auth.go:22.30,24.23 2 0
tea-logistics/pkg/middleware/auth.go:24.23,28.4 3 0
tea-logistics/pkg/middleware/auth.go:30.3,32.17 3 0
tea-logistics/pkg/middleware/auth.go:32.17,36.4 3 0
tea-logistics/pkg/middleware/auth.go:38.3,38.84 1 0
tea-logistics/pkg/middleware/auth.go:38.84,39.59 1 0
tea-logistics/pkg/middleware/auth.go:39.59,41.5 1 0
tea-logistics/pkg/middleware/auth.go:42.4,42.37 1 0
tea-logistics/pkg/middleware/auth.go:45.3,45.17 1 0
tea-logistics/pkg/middleware/auth.go:45.17,49.4 3 0
tea-logistics/pkg/middleware/auth.go:51.3,51.68 1 0
tea-logistics/pkg/middleware/auth.go:51.68,57.4 5 0
tea-logistics/pkg/middleware/auth.go:57.9,61.4 3 0
tea-logistics/pkg/middleware/auth.go:66.60,67.30 1 0
tea-logistics/pkg/middleware/auth.go:67.30,69.14 2 0
tea-logistics/pkg/middleware/auth.go:69.14,73.4 3 0
tea-logistics/pkg/middleware/auth.go:75.3,76.44 2 0
tea-logistics/pkg/middleware/auth.go:76.44,77.31 1 0
tea-logistics/pkg/middleware/auth.go:77.31,80.5 2 0
tea-logistics/pkg/middleware/auth.go:83.3,84.12 2 0
tea-logistics/pkg/middleware/cors.go:13.39,14.30 1 0
tea-logistics/pkg/middleware/cors.go:14.30,20.36 5 0
tea-logistics/pkg/middleware/cors.go:20.36,23.4 2 0
tea-logistics/pkg/middleware/cors.go:25.3,25.11 1 0
tea-logistics/pkg/handlers/auth.go:26.46,28.2 1 0
tea-logistics/pkg/handlers/auth.go:31.45,33.47 2 0
tea-logistics/pkg/handlers/auth.go:33.47,36.3 2 0
tea-logistics/pkg/handlers/auth.go:39.2,46.26 4 0
tea-logistics/pkg/handlers/auth.go:46.26,49.3 2 0
tea-logistics/pkg/handlers/auth.go:49.8,49.23 1 0
tea-logistics/pkg/handlers/auth.go:49.23,52.3 2 0
tea-logistics/pkg/handlers/auth.go:55.2,55.53 1 0
tea-logistics/pkg/handlers/auth.go:55.53,58.3 2 0
tea-logistics/pkg/handlers/auth.go:61.2,61.44 1 0
tea-logistics/pkg/handlers/auth.go:61.44,64.3 2 0
tea-logistics/pkg/handlers/auth.go:67.2,68.16 2 0
tea-logistics/pkg/handlers/auth.go:68.16,71.3 2 0
tea-logistics/pkg/handlers/auth.go:74.2,80.16 2 0
tea-logistics/pkg/handlers/auth.go:80.16,83.3 2 0
tea-logistics/pkg/handlers/auth.go:86.2,90.4 1 0
tea-logistics/pkg/handlers/auth.go:94.48,96.47 2 0
tea-logistics/pkg/handlers/auth.go:96.47,99.3 2 0
tea-logistics/pkg/handlers/auth.go:102.2,103.16 2 0
tea-logistics/pkg/handlers/auth.go:103.16,106.3 2 0
tea-logistics/pkg/handlers/auth.go:109.2,122.16 3 0
tea-logistics/pkg/handlers/auth.go:122.16,125.3 2 0
tea-logistics/pkg/handlers/auth.go:128.2,134.83 6 0
tea-logistics/pkg/handlers/delivery.go:24.77,26.2 1 0
tea-logistics/pkg/handlers/delivery.go:29.58,31.47 2 0
tea-logistics/pkg/handlers/delivery.go:31.47,34.3 2 0
tea-logistics/pkg/handlers/delivery.go:36.2,37.16 2 0
tea-logistics/pkg/handlers/delivery.go:37.16,40.3 2 0
tea-logistics/pkg/handlers/delivery.go:42.2,42.38 1 0
tea-logistics/pkg/handlers/delivery.go:46.58,48.16 2 0
tea-logistics/pkg/handlers/delivery.go:48.16,51.3 2 0
tea-logistics/pkg/handlers/delivery.go:53.2,53.35 1 0
tea-logistics/pkg/handlers/delivery.go:57.55,59.16 2 0
tea-logistics/pkg/handlers/delivery.go:59.16,62.3 2 0
tea-logistics/pkg/handlers/delivery.go:64.2,65.16 2 0
tea-logistics/pkg/handlers/delivery.go:65.16,68.3 2 0
tea-logistics/pkg/handlers/delivery.go:70.2,70.33 1 0
tea-logistics/pkg/handlers/delivery.go:74.64,76.16 2 0
tea-logistics/pkg/handlers/delivery.go:76.16,79.3 2 0
tea-logistics/pkg/handlers/delivery.go:81.2,84.47 2 0
tea-logistics/pkg/handlers/delivery.go:84.47,87.3 2 0
tea-logistics/pkg/handlers/delivery.go:89.2,89.92 1 0
tea-logistics/pkg/handlers/delivery.go:89.92,92.3 2 0
tea-logistics/pkg/handlers/delivery.go:94.2,94.25 1 0
tea-logistics/pkg/handlers/delivery.go:98.60,100.16 2 0
tea-logistics/pkg/handlers/delivery.go:100.16,103.3 2 0
tea-logistics/pkg/handlers/delivery.go:105.2,105.76 1 0
tea-logistics/pkg/handlers/delivery.go:105.76,108.3 2 0
tea-logistics/pkg/handlers/delivery.go:110.2,110.25 1 0
tea-logistics/pkg/handlers/delivery.go:114.66,116.16 2 0
tea-logistics/pkg/handlers/delivery.go:116.16,119.3 2 0
tea-logistics/pkg/handlers/delivery.go:121.2,122.47 2 0
tea-logistics/pkg/handlers/delivery.go:122.47,125.3 2 0
tea-logistics/pkg/handlers/delivery.go:127.2,129.16 3 0
tea-logistics/pkg/handlers/delivery.go:129.16,132.3 2 0
tea-logistics/pkg/handlers/delivery.go:134.2,134.38 1 0
tea-logistics/pkg/handlers/delivery.go:138.65,140.16 2 0
tea-logistics/pkg/handlers/delivery.go:140.16,143.3 2 0
tea-logistics/pkg/handlers/delivery.go:145.2,146.16 2 0
tea-logistics/pkg/handlers/delivery.go:146.16,149.3 2 0
tea-logistics/pkg/handlers/delivery.go:151.2,151.34 1 0
tea-logistics/pkg/handlers/inventory.go:25.80,27.2 1 0
tea-logistics/pkg/handlers/inventory.go:30.57,32.16 2 0
tea-logistics/pkg/handlers/inventory.go:32.16,35.3 2 0
tea-logistics/pkg/handlers/inventory.go:37.2,38.20 2 0
tea-logistics/pkg/handlers/inventory.go:38.20,41.3 2 0
tea-logistics/pkg/handlers/inventory.go:43.2,44.16 2 0
tea-logistics/pkg/handlers/inventory.go:44.16,47.3 2 0
tea-logistics/pkg/handlers/inventory.go:49.2,49.34 1 0
tea-logistics/pkg/handlers/inventory.go:53.60,61.47 3 0
tea-logistics/pkg/handlers/inventory.go:61.47,64.3 2 0
tea-logistics/pkg/handlers/inventory.go:66.2,72.16 2 0
tea-logistics/pkg/handlers/inventory.go:72.16,75.3 2 0
tea-logistics/pkg/handlers/inventory.go:77.2,77.72 1 0
tea-logistics/pkg/handlers/inventory.go:81.62,90.47 3 0
tea-logistics/pkg/handlers/inventory.go:90.47,93.3 2 0
tea-logistics/pkg/handlers/inventory.go:95.2,102.16 2 0
tea-logistics/pkg/handlers/inventory.go:102.16,105.3 2 0
tea-logistics/pkg/handlers/inventory.go:107.2,107.72 1 0
tea-logistics/pkg/handlers/inventory.go:111.62,113.16 2 0
tea-logistics/pkg/handlers/inventory.go:113.16,116.3 2 0
tea-logistics/pkg/handlers/inventory.go:118.2,119.20 2 0
tea-logistics/pkg/handlers/inventory.go:119.20,122.3 2 0
tea-logistics/pkg/handlers/inventory.go:124.2,125.16 2 0
tea-logistics/pkg/handlers/inventory.go:125.16,128.3 2 0
tea-logistics/pkg/handlers/inventory.go:130.2,136.16 2 0
tea-logistics/pkg/handlers/inventory.go:136.16,139.3 2 0
tea-logistics/pkg/handlers/inventory.go:141.2,142.15 2 0
tea-logistics/pkg/handlers/inventory.go:142.15,144.3 1 0
tea-logistics/pkg/handlers/inventory.go:146.2,149.4 1 0
tea-logistics/pkg/handlers/inventory.go:153.59,165.48 3 0
tea-logistics/pkg/handlers/inventory.go:165.48,168.4 2 0
tea-logistics/pkg/handlers/inventory.go:171.3,177.44 2 0
tea-logistics/pkg/handlers/inventory.go:177.44,180.4 2 0
tea-logistics/pkg/handlers/inventory.go:182.3,183.29 2 0
tea-logistics/pkg/handlers/inventory.go:183.29,185.73 1 0
tea-logistics/pkg/handlers/inventory.go:185.73,187.6 1 0
tea-logistics/pkg/handlers/inventory.go:187.11,190.6 2 0
tea-logistics/pkg/handlers/inventory.go:191.9,193.4 1 0
tea-logistics/pkg/handlers/inventory.go:195.3,204.16 2 0
tea-logistics/pkg/handlers/inventory.go:204.16,207.3 2 0
tea-logistics/pkg/handlers/inventory.go:209.2,209.38 1 0
tea-logistics/pkg/handlers/notification_handler.go:24.88,28.2 1 0
tea-logistics/pkg/handlers/notification_handler.go:31.66,33.47 2 0
tea-logistics/pkg/handlers/notification_handler.go:33.47,36.3 2 0
tea-logistics/pkg/handlers/notification_handler.go:38.2,39.16 2 0
tea-logistics/pkg/handlers/notification_handler.go:39.16,42.3 2 0
tea-logistics/pkg/handlers/notification_handler.go:44.2,44.42 1 0
tea-logistics/pkg/handlers/notification_handler.go:48.63,50.16 2 0
tea-logistics/pkg/handlers/notification_handler.go:50.16,53.3 2 0
tea-logistics/pkg/handlers/notification_handler.go:55.2,56.16 2 0
tea-logistics/pkg/handlers/notification_handler.go:56.16,59.3 2 0
tea-logistics/pkg/handlers/notification_handler.go:61.2,61.37 1 0
tea-logistics/pkg/handlers/notification_handler.go:65.65,67.16 2 0
tea-logistics/pkg/handlers/notification_handler.go:67.16,70.3 2 0
tea-logistics/pkg/handlers/notification_handler.go:72.2,73.16 2 0
tea-logistics/pkg/handlers/notification_handler.go:73.16,76.3 2 0
tea-logistics/pkg/handlers/notification_handler.go:78.2,78.38 1 0
tea-logistics/pkg/handlers/notification_handler.go:82.58,84.16 2 0
tea-logistics/pkg/handlers/notification_handler.go:84.16,87.3 2 0
tea-logistics/pkg/handlers/notification_handler.go:89.2,89.70 1 0
tea-logistics/pkg/handlers/notification_handler.go:89.70,92.3 2 0
tea-logistics/pkg/handlers/notification_handler.go:94.2,94.32 1 0
tea-logistics/pkg/handlers/notification_handler.go:98.66,100.16 2 0
tea-logistics/pkg/handlers/notification_handler.go:100.16,103.3 2 0
tea-logistics/pkg/handlers/notification_handler.go:105.2,105.78 1 0
tea-logistics/pkg/handlers/notification_handler.go:105.78,108.3 2 0
tea-logistics/pkg/handlers/notification_handler.go:110.2,110.32 1 0
tea-logistics/pkg/handlers/product.go:24.74,26.2 1 0
tea-logistics/pkg/handlers/product.go:29.56,31.47 2 0
tea-logistics/pkg/handlers/product.go:31.47,34.3 2 0
tea-logistics/pkg/handlers/product.go:36.2,37.16 2 0
tea-logistics/pkg/handlers/product.go:37.16,40.3 2 0
tea-logistics/pkg/handlers/product.go:42.2,42.37 1 0
tea-logistics/pkg/handlers/product.go:46.53,48.16 2 0
tea-logistics/pkg/handlers/product.go:48.16,51.3 2 0
tea-logistics/pkg/handlers/product.go:53.2,54.16 2 0
tea-logistics/pkg/handlers/product.go:54.16,57.3 2 0
tea-logistics/pkg/handlers/product.go:59.2,59.32 1 0
tea-logistics/pkg/handlers/product.go:63.55,65.16 2 0
tea-logistics/pkg/handlers/product.go:65.16,68.3 2 0
tea-logistics/pkg/handlers/product.go:70.2,70.33 1 0
tea-logistics/pkg/handlers/product.go:74.56,76.16 2 0
tea-logistics/pkg/handlers/product.go:76.16,79.3 2 0
tea-logistics/pkg/handlers/product.go:81.2,82.47 2 0
tea-logistics/pkg/handlers/product.go:82.47,85.3 2 0
tea-logistics/pkg/handlers/product.go:87.2,88.16 2 0
tea-logistics/pkg/handlers/product.go:88.16,91.3 2 0
tea-logistics/pkg/handlers/product.go:93.2,93.32 1 0
tea-logistics/pkg/handlers/product.go:97.56,99.16 2 0
tea-logistics/pkg/handlers/product.go:99.16,102.3 2 0
tea-logistics/pkg/handlers/product.go:104.2,104.73 1 0
tea-logistics/pkg/handlers/product.go:104.73,107.3 2 0
tea-logistics/pkg/handlers/product.go:109.2,109.72 1 0
tea-logistics/pkg/handlers/tracking.go:24.77,26.2 1 0
tea-logistics/pkg/handlers/tracking.go:29.62,31.16 2 0
tea-logistics/pkg/handlers/tracking.go:31.16,34.3 2 0
tea-logistics/pkg/handlers/tracking.go:36.2,37.24 2 0
tea-logistics/pkg/handlers/tracking.go:37.24,40.3 2 0
tea-logistics/pkg/handlers/tracking.go:42.2,43.16 2 0
tea-logistics/pkg/handlers/tracking.go:43.16,46.3 2 0
tea-logistics/pkg/handlers/tracking.go:48.2,48.38 1 0
tea-logistics/pkg/handlers/tracking.go:52.64,60.22 3 0
tea-logistics/pkg/handlers/tracking.go:60.22,63.3 2 0
tea-logistics/pkg/handlers/tracking.go:65.2,66.47 2 0
tea-logistics/pkg/handlers/tracking.go:66.47,69.3 2 0
tea-logistics/pkg/handlers/tracking.go:71.2,78.16 2 0
tea-logistics/pkg/handlers/tracking.go:78.16,81.3 2 0
tea-logistics/pkg/handlers/tracking.go:83.2,83.87 1 0
tea-logistics/pkg/handlers/tracking.go:87.60,89.22 2 0
tea-logistics/pkg/handlers/tracking.go:89.22,92.3 2 0
tea-logistics/pkg/handlers/tracking.go:94.2,95.49 2 0
tea-logistics/pkg/handlers/tracking.go:95.49,98.3 2 0
tea-logistics/pkg/handlers/tracking.go:100.2,101.80 2 0
tea-logistics/pkg/handlers/tracking.go:101.80,104.3 2 0
tea-logistics/pkg/handlers/tracking.go:106.2,106.35 1 0
tea-logistics/pkg/handlers/tracking.go:110.59,112.22 2 0
tea-logistics/pkg/handlers/tracking.go:112.22,115.3 2 0
tea-logistics/pkg/handlers/tracking.go:117.2,118.16 2 0
tea-logistics/pkg/handlers/tracking.go:118.16,121.3 2 0
tea-logistics/pkg/handlers/tracking.go:123.2,123.33 1 0
tea-logistics/pkg/handlers/tracking.go:127.64,129.22 2 0
tea-logistics/pkg/handlers/tracking.go:129.22,132.3 2 0
tea-logistics/pkg/handlers/tracking.go:134.2,135.53 2 0
tea-logistics/pkg/handlers/tracking.go:135.53,138.3 2 0
tea-logistics/pkg/handlers/tracking.go:140.2,141.88 2 0
tea-logistics/pkg/handlers/tracking.go:141.88,144.3 2 0
tea-logistics/pkg/handlers/tracking.go:146.2,146.39 1 0
tea-logistics/pkg/handlers/tracking.go:150.64,152.22 2 0
tea-logistics/pkg/handlers/tracking.go:152.22,155.3 2 0
tea-logistics/pkg/handlers/tracking.go:157.2,158.16 2 0
tea-logistics/pkg/handlers/tracking.go:158.16,161.3 2 0
tea-logistics/pkg/handlers/tracking.go:163.2,163.34 1 0
tea-logistics/pkg/handlers/user.go:23.65,25.2 1 0
tea-logistics/pkg/handlers/user.go:28.45,30.47 2 0
tea-logistics/pkg/handlers/user.go:30.47,33.3 2 0
tea-logistics/pkg/handlers/user.go:35.2,36.16 2 0
tea-logistics/pkg/handlers/user.go:36.16,39.3 2 0
tea-logistics/pkg/handlers/user.go:41.2,41.46 1 0
tea-logistics/pkg/handlers/user.go:45.48,47.47 2 0
tea-logistics/pkg/handlers/user.go:47.47,50.3 2 0
tea-logistics/pkg/handlers/user.go:52.2,52.70 1 0
tea-logistics/pkg/handlers/user.go:52.70,55.3 2 0
tea-logistics/pkg/handlers/user.go:57.2,57.83 1 0
tea-logistics/pkg/handlers/user.go:61.50,63.13 2 0
tea-logistics/pkg/handlers/user.go:63.13,66.3 2 0
tea-logistics/pkg/handlers/user.go:68.2,69.16 2 0
tea-logistics/pkg/handlers/user.go:69.16,72.3 2 0
tea-logistics/pkg/handlers/user.go:74.2,74.29 1 0
tea-logistics/pkg/handlers/user.go:78.53,80.13 2 0
tea-logistics/pkg/handlers/user.go:80.13,83.3 2 0
tea-logistics/pkg/handlers/user.go:85.2,86.47 2 0
tea-logistics/pkg/handlers/user.go:86.47,89.3 2 0
tea-logistics/pkg/handlers/user.go:91.2,91.91 1 0
tea-logistics/pkg/handlers/user.go:91.91,94.3 2 0
tea-logistics/pkg/handlers/user.go:96.2,96.84 1 0
tea-logistics/pkg/handlers/user.go:100.54,102.13 2 0
tea-logistics/pkg/handlers/user.go:102.13,105.3 2 0
tea-logistics/pkg/handlers/user.go:107.2,108.47 2 0
tea-logistics/pkg/handlers/user.go:108.47,111.3 2 0
tea-logistics/pkg/handlers/user.go:113.2,113.92 1 0
tea-logistics/pkg/handlers/user.go:113.92,116.3 2 0
tea-logistics/pkg/handlers/user.go:118.2,118.81 1 0
tea-logistics/pkg/routes/auth.go:16.73,18.2 2 0
tea-logistics/pkg/routes/auth.go:18.2,26.3 5 0
tea-logistics/pkg/routes/auth.go:26.3,30.4 3 0
tea-logistics/pkg/routes/delivery.go:17.81,42.2 9 0
tea-logistics/pkg/routes/inventory.go:17.83,21.2 3 0
tea-logistics/pkg/routes/inventory.go:21.2,58.3 5 0
tea-logistics/pkg/routes/notification_routes.go:16.89,20.2 3 0
tea-logistics/pkg/routes/notification_routes.go:20.2,26.3 5 0
tea-logistics/pkg/routes/product.go:17.79,21.2 3 0
tea-logistics/pkg/routes/product.go:21.2,55.3 5 0
tea-logistics/pkg/routes/tracking.go:17.81,21.2 3 0
tea-logistics/pkg/routes/tracking.go:21.2,63.3 6 0
tea-logistics/pkg/services/mocks/notification_service.go:15.144,17.24 2 0
tea-logistics/pkg/services/mocks/notification_service.go:17.24,19.3 1 0
tea-logistics/pkg/services/mocks/notification_service.go:20.2,20.58 1 0
tea-logistics/pkg/services/mocks/notification_service.go:23.112,25.24 2 0
tea-logistics/pkg/services/mocks/notification_service.go:25.24,27.3 1 0
tea-logistics/pkg/services/mocks/notification_service.go:28.2,28.58 1 0
tea-logistics/pkg/services/mocks/notification_service.go:31.120,33.24 2 0
tea-logistics/pkg/services/mocks/notification_service.go:33.24,35.3 1 0
tea-logistics/pkg/services/mocks/notification_service.go:36.2,36.60 1 0
tea-logistics/pkg/services/mocks/notification_service.go:39.83,42.2 2 0
tea-logistics/pkg/services/mocks/notification_service.go:44.91,47.2 2 0
tea-logistics/pkg/services/mocks/notification_service.go:49.116,52.2 2 0
tea-logistics/pkg/services/mocks/notification_service.go:54.112,57.2 2 0
tea-logistics/pkg/services/mocks/notification_service.go:59.120,62.2 2 0
tea-logistics/pkg/services/mocks/repositories.go:25.103,28.2 2 0
tea-logistics/pkg/services/mocks/repositories.go:30.103,32.24 2 0
tea-logistics/pkg/services/mocks/repositories.go:32.24,34.3 1 0
tea-logistics/pkg/services/mocks/repositories.go:35.2,35.54 1 0
tea-logistics/pkg/services/mocks/repositories.go:38.98,40.24 2 0
tea-logistics/pkg/services/mocks/repositories.go:40.24,42.3 1 0
tea-logistics/pkg/services/mocks/repositories.go:43.2,43.56 1 0
tea-logistics/pkg/services/mocks/repositories.go:46.103,49.2 2 0
tea-logistics/pkg/services/mocks/repositories.go:51.107,54.2 2 0
tea-logistics/pkg/services/mocks/repositories.go:56.123,58.24 2 0
tea-logistics/pkg/services/mocks/repositories.go:58.24,60.3 1 0
tea-logistics/pkg/services/mocks/repositories.go:61.2,61.60 1 0
tea-logistics/pkg/services/mocks/repositories.go:64.119,67.2 2 0
tea-logistics/pkg/services/mocks/repositories.go:69.131,71.24 2 0
tea-logistics/pkg/services/mocks/repositories.go:71.24,73.3 1 0
tea-logistics/pkg/services/mocks/repositories.go:74.2,74.64 1 0
tea-logistics/pkg/services/mocks/repositories.go:85.107,88.2 2 0
tea-logistics/pkg/services/mocks/repositories.go:90.106,92.24 2 0
tea-logistics/pkg/services/mocks/repositories.go:92.24,94.3 1 0
tea-logistics/pkg/services/mocks/repositories.go:95.2,95.55 1 0
tea-logistics/pkg/services/mocks/repositories.go:98.101,100.24 2 0
tea-logistics/pkg/services/mocks/repositories.go:100.24,102.3 1 0
tea-logistics/pkg/services/mocks/repositories.go:103.2,103.57 1 0
tea-logistics/pkg/services/mocks/repositories.go:106.107,109.2 2 0
tea-logistics/pkg/services/mocks/repositories.go:111.88,114.2 2 0
tea-logistics/pkg/services/mocks/repositories.go:116.122,118.24 2 0
tea-logistics/pkg/services/mocks/repositories.go:118.24,120.3 1 0
tea-logistics/pkg/services/mocks/repositories.go:121.2,121.55 1 0
tea-logistics/pkg/services/mocks/repositories.go:124.101,127.2 2 0
tea-logistics/pkg/services/mocks/repositories.go:129.125,131.24 2 0
tea-logistics/pkg/services/mocks/repositories.go:131.24,133.3 1 0
tea-logistics/pkg/services/mocks/repositories.go:134.2,134.57 1 0
tea-logistics/pkg/services/mocks/repositories.go:137.113,140.2 2 0
tea-logistics/pkg/services/mocks/repositories.go:142.124,144.24 2 0
tea-logistics/pkg/services/mocks/repositories.go:144.24,146.3 1 0
tea-logistics/pkg/services/mocks/repositories.go:147.2,147.65 1 0
tea-logistics/pkg/handler/delivery_handler.go:24.77,28.2 1 6
tea-logistics/pkg/handler/delivery_handler.go:31.62,33.2 2 6
tea-logistics/pkg/handler/delivery_handler.go:33.2,41.3 7 6
tea-logistics/pkg/handler/delivery_handler.go:45.58,47.47 2 1
tea-logistics/pkg/handler/delivery_handler.go:47.47,50.3 2 0
tea-logistics/pkg/handler/delivery_handler.go:52.2,53.16 2 1
tea-logistics/pkg/handler/delivery_handler.go:53.16,56.3 2 0
tea-logistics/pkg/handler/delivery_handler.go:58.2,58.38 1 1
tea-logistics/pkg/handler/delivery_handler.go:62.58,64.16 2 0
tea-logistics/pkg/handler/delivery_handler.go:64.16,67.3 2 0
tea-logistics/pkg/handler/delivery_handler.go:69.2,69.35 1 0
tea-logistics/pkg/handler/delivery_handler.go:73.55,75.16 2 1
tea-logistics/pkg/handler/delivery_handler.go:75.16,78.3 2 0
tea-logistics/pkg/handler/delivery_handler.go:80.2,81.16 2 1
tea-logistics/pkg/handler/delivery_handler.go:81.16,84.3 2 0
tea-logistics/pkg/handler/delivery_handler.go:86.2,86.33 1 1
tea-logistics/pkg/handler/delivery_handler.go:90.64,92.16 2 1
tea-logistics/pkg/handler/delivery_handler.go:92.16,95.3 2 0
tea-logistics/pkg/handler/delivery_handler.go:97.2,100.47 2 1
tea-logistics/pkg/handler/delivery_handler.go:100.47,103.3 2 0
tea-logistics/pkg/handler/delivery_handler.go:105.2,105.92 1 1
tea-logistics/pkg/handler/delivery_handler.go:105.92,108.3 2 0
tea-logistics/pkg/handler/delivery_handler.go:110.2,110.25 1 1
tea-logistics/pkg/handler/delivery_handler.go:114.60,116.16 2 1
tea-logistics/pkg/handler/delivery_handler.go:116.16,119.3 2 0
tea-logistics/pkg/handler/delivery_handler.go:121.2,121.76 1 1
tea-logistics/pkg/handler/delivery_handler.go:121.76,124.3 2 0
tea-logistics/pkg/handler/delivery_handler.go:126.2,126.25 1 1
tea-logistics/pkg/handler/delivery_handler.go:130.66,132.16 2 1
tea-logistics/pkg/handler/delivery_handler.go:132.16,135.3 2 0
tea-logistics/pkg/handler/delivery_handler.go:137.2,138.47 2 1
tea-logistics/pkg/handler/delivery_handler.go:138.47,141.3 2 0
tea-logistics/pkg/handler/delivery_handler.go:143.2,145.16 3 1
tea-logistics/pkg/handler/delivery_handler.go:145.16,148.3 2 0
tea-logistics/pkg/handler/delivery_handler.go:150.2,150.38 1 1
tea-logistics/pkg/handler/delivery_handler.go:154.65,156.16 2 1
tea-logistics/pkg/handler/delivery_handler.go:156.16,159.3 2 0
tea-logistics/pkg/handler/delivery_handler.go:161.2,162.16 2 1
tea-logistics/pkg/handler/delivery_handler.go:162.16,165.3 2 0
tea-logistics/pkg/handler/delivery_handler.go:167.2,167.34 1 1
tea-logistics/pkg/handler/notification_handler.go:33.79,37.2 1 5
tea-logistics/pkg/handler/notification_handler.go:40.66,46.2 5 0
tea-logistics/pkg/handler/notification_handler.go:49.90,51.61 2 1
tea-logistics/pkg/handler/notification_handler.go:51.61,54.3 2 0
tea-logistics/pkg/handler/notification_handler.go:56.2,57.16 2 1
tea-logistics/pkg/handler/notification_handler.go:57.16,60.3 2 0
tea-logistics/pkg/handler/notification_handler.go:62.2,64.41 3 1
tea-logistics/pkg/handler/notification_handler.go:68.87,71.16 3 1
tea-logistics/pkg/handler/notification_handler.go:71.16,74.3 2 0
tea-logistics/pkg/handler/notification_handler.go:76.2,77.16 2 1
tea-logistics/pkg/handler/notification_handler.go:77.16,80.3 2 0
tea-logistics/pkg/handler/notification_handler.go:82.2,83.41 2 1
tea-logistics/pkg/handler/notification_handler.go:87.89,90.16 3 1
tea-logistics/pkg/handler/notification_handler.go:90.16,93.3 2 0
tea-logistics/pkg/handler/notification_handler.go:95.2,96.16 2 1
tea-logistics/pkg/handler/notification_handler.go:96.16,99.3 2 0
tea-logistics/pkg/handler/notification_handler.go:101.2,102.42 2 1
tea-logistics/pkg/handler/notification_handler.go:106.82,109.16 3 1
tea-logistics/pkg/handler/notification_handler.go:109.16,112.3 2 0
tea-logistics/pkg/handler/notification_handler.go:114.2,114.62 1 1
tea-logistics/pkg/handler/notification_handler.go:114.62,117.3 2 0
tea-logistics/pkg/handler/notification_handler.go:119.2,119.37 1 1
tea-logistics/pkg/handler/notification_handler.go:123.90,126.16 3 1
tea-logistics/pkg/handler/notification_handler.go:126.16,129.3 2 0
tea-logistics/pkg/handler/notification_handler.go:131.2,131.70 1 1
tea-logistics/pkg/handler/notification_handler.go:131.70,134.3 2 0
tea-logistics/pkg/handler/notification_handler.go:136.2,136.37 1 1
tea-logistics/pkg/repository/db.go:27.36,29.2 1 0
tea-logistics/pkg/repository/db.go:32.115,35.2 2 0
tea-logistics/pkg/repository/delivery.go:34.57,36.2 1 0
tea-logistics/pkg/repository/delivery.go:39.102,59.16 4 0
tea-logistics/pkg/repository/delivery.go:59.16,61.3 1 0
tea-logistics/pkg/repository/delivery.go:63.2,65.12 3 0
tea-logistics/pkg/repository/delivery.go:69.102,90.16 4 0
tea-logistics/pkg/repository/delivery.go:90.16,92.3 1 0
tea-logistics/pkg/repository/delivery.go:94.2,94.22 1 0
tea-logistics/pkg/repository/delivery.go:98.97,107.16 3 0
tea-logistics/pkg/repository/delivery.go:107.16,109.3 1 0
tea-logistics/pkg/repository/delivery.go:110.2,113.18 3 0
tea-logistics/pkg/repository/delivery.go:113.18,126.17 3 0
tea-logistics/pkg/repository/delivery.go:126.17,128.4 1 0
tea-logistics/pkg/repository/delivery.go:129.3,129.44 1 0
tea-logistics/pkg/repository/delivery.go:132.2,132.34 1 0
tea-logistics/pkg/repository/delivery.go:132.34,134.3 1 0
tea-logistics/pkg/repository/delivery.go:136.2,136.24 1 0
tea-logistics/pkg/repository/delivery.go:140.102,158.16 3 0
tea-logistics/pkg/repository/delivery.go:158.16,160.3 1 0
tea-logistics/pkg/repository/delivery.go:162.2,163.16 2 0
tea-logistics/pkg/repository/delivery.go:163.16,165.3 1 0
tea-logistics/pkg/repository/delivery.go:166.2,166.15 1 0
tea-logistics/pkg/repository/delivery.go:166.15,168.3 1 0
tea-logistics/pkg/repository/delivery.go:170.2,170.12 1 0
tea-logistics/pkg/repository/delivery.go:174.106,187.16 3 0
tea-logistics/pkg/repository/delivery.go:187.16,189.3 1 0
tea-logistics/pkg/repository/delivery.go:191.2,191.12 1 0
tea-logistics/pkg/repository/delivery.go:195.122,203.16 3 0
tea-logistics/pkg/repository/delivery.go:203.16,205.3 1 0
tea-logistics/pkg/repository/delivery.go:206.2,209.18 3 0
tea-logistics/pkg/repository/delivery.go:209.18,217.17 3 0
tea-logistics/pkg/repository/delivery.go:217.17,219.4 1 0
tea-logistics/pkg/repository/delivery.go:220.3,220.30 1 0
tea-logistics/pkg/repository/delivery.go:223.2,223.34 1 0
tea-logistics/pkg/repository/delivery.go:223.34,225.3 1 0
tea-logistics/pkg/repository/delivery.go:227.2,227.19 1 0
tea-logistics/pkg/repository/delivery.go:231.118,248.16 4 0
tea-logistics/pkg/repository/delivery.go:248.16,250.3 1 0
tea-logistics/pkg/repository/delivery.go:252.2,253.12 2 0
tea-logistics/pkg/repository/delivery.go:257.130,265.16 3 0
tea-logistics/pkg/repository/delivery.go:265.16,267.3 1 0
tea-logistics/pkg/repository/delivery.go:268.2,271.18 3 0
tea-logistics/pkg/repository/delivery.go:271.18,281.17 3 0
tea-logistics/pkg/repository/delivery.go:281.17,283.4 1 0
tea-logistics/pkg/repository/delivery.go:284.3,284.42 1 0
tea-logistics/pkg/repository/delivery.go:287.2,287.34 1 0
tea-logistics/pkg/repository/delivery.go:287.34,289.3 1 0
tea-logistics/pkg/repository/delivery.go:291.2,291.23 1 0
tea-logistics/pkg/repository/inventory.go:23.61,25.2 1 7
tea-logistics/pkg/repository/inventory.go:28.106,45.16 4 2
tea-logistics/pkg/repository/inventory.go:45.16,47.3 1 1
tea-logistics/pkg/repository/inventory.go:49.2,51.12 3 1
tea-logistics/pkg/repository/inventory.go:55.105,73.26 4 2
tea-logistics/pkg/repository/inventory.go:73.26,75.3 1 1
tea-logistics/pkg/repository/inventory.go:76.2,76.16 1 1
tea-logistics/pkg/repository/inventory.go:76.16,78.3 1 0
tea-logistics/pkg/repository/inventory.go:80.2,80.23 1 1
tea-logistics/pkg/repository/inventory.go:84.100,92.16 3 0
tea-logistics/pkg/repository/inventory.go:92.16,94.3 1 0
tea-logistics/pkg/repository/inventory.go:95.2,98.18 3 0
tea-logistics/pkg/repository/inventory.go:98.18,109.17 3 0
tea-logistics/pkg/repository/inventory.go:109.17,111.4 1 0
tea-logistics/pkg/repository/inventory.go:112.3,112.47 1 0
tea-logistics/pkg/repository/inventory.go:115.2,115.34 1 0
tea-logistics/pkg/repository/inventory.go:115.34,117.3 1 0
tea-logistics/pkg/repository/inventory.go:119.2,119.25 1 0
tea-logistics/pkg/repository/inventory.go:123.106,138.16 3 0
tea-logistics/pkg/repository/inventory.go:138.16,140.3 1 0
tea-logistics/pkg/repository/inventory.go:142.2,143.16 2 0
tea-logistics/pkg/repository/inventory.go:143.16,145.3 1 0
tea-logistics/pkg/repository/inventory.go:146.2,146.15 1 0
tea-logistics/pkg/repository/inventory.go:146.15,148.3 1 0
tea-logistics/pkg/repository/inventory.go:150.2,150.12 1 0
tea-logistics/pkg/repository/inventory.go:154.87,158.16 3 0
tea-logistics/pkg/repository/inventory.go:158.16,160.3 1 0
tea-logistics/pkg/repository/inventory.go:162.2,163.16 2 0
tea-logistics/pkg/repository/inventory.go:163.16,165.3 1 0
tea-logistics/pkg/repository/inventory.go:166.2,166.15 1 0
tea-logistics/pkg/repository/inventory.go:166.15,168.3 1 0
tea-logistics/pkg/repository/inventory.go:170.2,170.12 1 0
tea-logistics/pkg/repository/inventory.go:174.121,192.26 4 2
tea-logistics/pkg/repository/inventory.go:192.26,194.3 1 1
tea-logistics/pkg/repository/inventory.go:195.2,195.16 1 1
tea-logistics/pkg/repository/inventory.go:195.16,197.3 1 0
tea-logistics/pkg/repository/inventory.go:199.2,199.23 1 1
tea-logistics/pkg/repository/inventory.go:203.100,214.16 3 2
tea-logistics/pkg/repository/inventory.go:214.16,216.3 1 0
tea-logistics/pkg/repository/inventory.go:218.2,219.16 2 2
tea-logistics/pkg/repository/inventory.go:219.16,221.3 1 0
tea-logistics/pkg/repository/inventory.go:222.2,222.15 1 2
tea-logistics/pkg/repository/inventory.go:222.15,224.3 1 1
tea-logistics/pkg/repository/inventory.go:226.2,226.12 1 1
tea-logistics/pkg/repository/inventory.go:230.124,239.16 3 2
tea-logistics/pkg/repository/inventory.go:239.16,241.3 1 0
tea-logistics/pkg/repository/inventory.go:242.2,245.18 3 2
tea-logistics/pkg/repository/inventory.go:245.18,256.17 3 2
tea-logistics/pkg/repository/inventory.go:256.17,258.4 1 0
tea-logistics/pkg/repository/inventory.go:259.3,259.47 1 2
tea-logistics/pkg/repository/inventory.go:262.2,262.34 1 2
tea-logistics/pkg/repository/inventory.go:262.34,264.3 1 0
tea-logistics/pkg/repository/inventory.go:266.2,266.25 1 2
tea-logistics/pkg/repository/inventory.go:270.112,291.16 4 2
tea-logistics/pkg/repository/inventory.go:291.16,293.3 1 1
tea-logistics/pkg/repository/inventory.go:295.2,296.12 2 1
tea-logistics/pkg/repository/inventory.go:300.123,310.16 3 2
tea-logistics/pkg/repository/inventory.go:310.16,312.3 1 0
tea-logistics/pkg/repository/inventory.go:313.2,316.18 3 2
tea-logistics/pkg/repository/inventory.go:316.18,329.17 3 2
tea-logistics/pkg/repository/inventory.go:329.17,331.4 1 0
tea-logistics/pkg/repository/inventory.go:332.3,332.42 1 2
tea-logistics/pkg/repository/inventory.go:335.2,335.34 1 2
tea-logistics/pkg/repository/inventory.go:335.34,337.3 1 0
tea-logistics/pkg/repository/inventory.go:339.2,339.23 1 2
tea-logistics/pkg/repository/notification_repository.go:41.65,43.2 1 0
tea-logistics/pkg/repository/notification_repository.go:46.118,59.30 5 0
tea-logistics/pkg/repository/notification_repository.go:59.30,61.17 2 0
tea-logistics/pkg/repository/notification_repository.go:61.17,63.4 1 0
tea-logistics/pkg/repository/notification_repository.go:64.8,66.3 1 0
tea-logistics/pkg/repository/notification_repository.go:68.2,78.16 2 0
tea-logistics/pkg/repository/notification_repository.go:78.16,80.3 1 0
tea-logistics/pkg/repository/notification_repository.go:82.2,84.12 3 0
tea-logistics/pkg/repository/notification_repository.go:88.114,109.16 5 0
tea-logistics/pkg/repository/notification_repository.go:109.16,111.3 1 0
tea-logistics/pkg/repository/notification_repository.go:114.2,114.23 1 0
tea-logistics/pkg/repository/notification_repository.go:114.23,115.70 1 0
tea-logistics/pkg/repository/notification_repository.go:115.70,117.4 1 0
tea-logistics/pkg/repository/notification_repository.go:118.8,120.3 1 0
tea-logistics/pkg/repository/notification_repository.go:122.2,122.26 1 0
tea-logistics/pkg/repository/notification_repository.go:126.122,135.16 3 0
tea-logistics/pkg/repository/notification_repository.go:135.16,137.3 1 0
tea-logistics/pkg/repository/notification_repository.go:138.2,141.18 3 0
tea-logistics/pkg/repository/notification_repository.go:141.18,155.17 4 0
tea-logistics/pkg/repository/notification_repository.go:155.17,157.4 1 0
tea-logistics/pkg/repository/notification_repository.go:160.3,160.24 1 0
tea-logistics/pkg/repository/notification_repository.go:160.24,161.71 1 0
tea-logistics/pkg/repository/notification_repository.go:161.71,163.5 1 0
tea-logistics/pkg/repository/notification_repository.go:164.9,166.4 1 0
tea-logistics/pkg/repository/notification_repository.go:168.3,168.54 1 0
tea-logistics/pkg/repository/notification_repository.go:171.2,171.34 1 0
tea-logistics/pkg/repository/notification_repository.go:171.34,173.3 1 0
tea-logistics/pkg/repository/notification_repository.go:175.2,175.27 1 0
tea-logistics/pkg/repository/notification_repository.go:179.133,190.16 3 0
tea-logistics/pkg/repository/notification_repository.go:190.16,192.3 1 0
tea-logistics/pkg/repository/notification_repository.go:194.2,195.16 2 0
tea-logistics/pkg/repository/notification_repository.go:195.16,197.3 1 0
tea-logistics/pkg/repository/notification_repository.go:198.2,198.15 1 0
tea-logistics/pkg/repository/notification_repository.go:198.15,200.3 1 0
tea-logistics/pkg/repository/notification_repository.go:202.2,202.12 1 0
tea-logistics/pkg/repository/notification_repository.go:206.93,210.16 3 0
tea-logistics/pkg/repository/notification_repository.go:210.16,212.3 1 0
tea-logistics/pkg/repository/notification_repository.go:214.2,215.16 2 0
tea-logistics/pkg/repository/notification_repository.go:215.16,217.3 1 0
tea-logistics/pkg/repository/notification_repository.go:218.2,218.15 1 0
tea-logistics/pkg/repository/notification_repository.go:218.15,220.3 1 0
tea-logistics/pkg/repository/notification_repository.go:222.2,222.12 1 0
tea-logistics/pkg/repository/product.go:23.57,25.2 1 0
tea-logistics/pkg/repository/product.go:28.98,45.16 4 0
tea-logistics/pkg/repository/product.go:45.16,47.3 1 0
tea-logistics/pkg/repository/product.go:49.2,51.12 3 0
tea-logistics/pkg/repository/product.go:55.99,73.26 4 0
tea-logistics/pkg/repository/product.go:73.26,75.3 1 0
tea-logistics/pkg/repository/product.go:76.2,76.16 1 0
tea-logistics/pkg/repository/product.go:76.16,78.3 1 0
tea-logistics/pkg/repository/product.go:80.2,80.21 1 0
tea-logistics/pkg/repository/product.go:84.93,92.16 3 0
tea-logistics/pkg/repository/product.go:92.16,94.3 1 0
tea-logistics/pkg/repository/product.go:95.2,98.18 3 0
tea-logistics/pkg/repository/product.go:98.18,109.17 3 0
tea-logistics/pkg/repository/product.go:109.17,111.4 1 0
tea-logistics/pkg/repository/product.go:112.3,112.39 1 0
tea-logistics/pkg/repository/product.go:115.2,115.34 1 0
tea-logistics/pkg/repository/product.go:115.34,117.3 1 0
tea-logistics/pkg/repository/product.go:119.2,119.22 1 0
tea-logistics/pkg/repository/product.go:123.98,138.16 3 0
tea-logistics/pkg/repository/product.go:138.16,140.3 1 0
tea-logistics/pkg/repository/product.go:142.2,143.16 2 0
tea-logistics/pkg/repository/product.go:143.16,145.3 1 0
tea-logistics/pkg/repository/product.go:146.2,146.15 1 0
tea-logistics/pkg/repository/product.go:146.15,148.3 1 0
tea-logistics/pkg/repository/product.go:150.2,150.12 1 0
tea-logistics/pkg/repository/product.go:154.83,158.16 3 0
tea-logistics/pkg/repository/product.go:158.16,160.3 1 0
tea-logistics/pkg/repository/product.go:162.2,163.16 2 0
tea-logistics/pkg/repository/product.go:163.16,165.3 1 0
tea-logistics/pkg/repository/product.go:166.2,166.15 1 0
tea-logistics/pkg/repository/product.go:166.15,168.3 1 0
tea-logistics/pkg/repository/product.go:170.2,170.12 1 0
tea-logistics/pkg/repository/tracking.go:23.60,25.2 1 0
tea-logistics/pkg/repository/tracking.go:28.103,46.16 4 0
tea-logistics/pkg/repository/tracking.go:46.16,48.3 1 0
tea-logistics/pkg/repository/tracking.go:50.2,50.12 1 0
tea-logistics/pkg/repository/tracking.go:54.112,72.26 4 0
tea-logistics/pkg/repository/tracking.go:72.26,74.3 1 0
tea-logistics/pkg/repository/tracking.go:75.2,75.16 1 0
tea-logistics/pkg/repository/tracking.go:75.16,77.3 1 0
tea-logistics/pkg/repository/tracking.go:80.2,81.16 2 0
tea-logistics/pkg/repository/tracking.go:81.16,83.3 1 0
tea-logistics/pkg/repository/tracking.go:84.2,86.22 2 0
tea-logistics/pkg/repository/tracking.go:90.144,97.16 3 0
tea-logistics/pkg/repository/tracking.go:97.16,99.3 1 0
tea-logistics/pkg/repository/tracking.go:101.2,102.16 2 0
tea-logistics/pkg/repository/tracking.go:102.16,104.3 1 0
tea-logistics/pkg/repository/tracking.go:105.2,105.15 1 0
tea-logistics/pkg/repository/tracking.go:105.15,107.3 1 0
tea-logistics/pkg/repository/tracking.go:109.2,109.12 1 0
tea-logistics/pkg/repository/tracking.go:113.103,135.16 4 0
tea-logistics/pkg/repository/tracking.go:135.16,137.3 1 0
tea-logistics/pkg/repository/tracking.go:139.2,140.12 2 0
tea-logistics/pkg/repository/tracking.go:144.121,154.16 3 0
tea-logistics/pkg/repository/tracking.go:154.16,156.3 1 0
tea-logistics/pkg/repository/tracking.go:157.2,160.18 3 0
tea-logistics/pkg/repository/tracking.go:160.18,174.17 3 0
tea-logistics/pkg/repository/tracking.go:174.17,176.4 1 0
tea-logistics/pkg/repository/tracking.go:177.3,177.33 1 0
tea-logistics/pkg/repository/tracking.go:180.2,180.34 1 0
tea-logistics/pkg/repository/tracking.go:180.34,182.3 1 0
tea-logistics/pkg/repository/tracking.go:184.2,184.20 1 0
tea-logistics/pkg/repository/tracking.go:188.118,210.16 4 0
tea-logistics/pkg/repository/tracking.go:210.16,212.3 1 0
tea-logistics/pkg/repository/tracking.go:214.2,216.12 3 0
tea-logistics/pkg/repository/tracking.go:220.126,243.26 4 0
tea-logistics/pkg/repository/tracking.go:243.26,245.3 1 0
tea-logistics/pkg/repository/tracking.go:246.2,246.16 1 0
tea-logistics/pkg/repository/tracking.go:246.16,248.3 1 0
tea-logistics/pkg/repository/tracking.go:250.2,250.23 1 0
tea-logistics/pkg/repository/user.go:23.52,25.2 1 0
tea-logistics/pkg/repository/user.go:28.83,47.16 4 0
tea-logistics/pkg/repository/user.go:47.16,49.3 1 0
tea-logistics/pkg/repository/user.go:51.2,53.12 3 0
tea-logistics/pkg/repository/user.go:57.98,77.26 4 0
tea-logistics/pkg/repository/user.go:77.26,79.3 1 0
tea-logistics/pkg/repository/user.go:80.2,80.16 1 0
tea-logistics/pkg/repository/user.go:80.16,82.3 1 0
tea-logistics/pkg/repository/user.go:84.2,84.18 1 0
tea-logistics/pkg/repository/user.go:88.91,108.26 4 0
tea-logistics/pkg/repository/user.go:108.26,110.3 1 0
tea-logistics/pkg/repository/user.go:111.2,111.16 1 0
tea-logistics/pkg/repository/user.go:111.16,113.3 1 0
tea-logistics/pkg/repository/user.go:115.2,115.18 1 0
tea-logistics/pkg/repository/user.go:119.83,130.16 3 0
tea-logistics/pkg/repository/user.go:130.16,132.3 1 0
tea-logistics/pkg/repository/user.go:134.2,135.16 2 0
tea-logistics/pkg/repository/user.go:135.16,137.3 1 0
tea-logistics/pkg/repository/user.go:138.2,138.15 1 0
tea-logistics/pkg/repository/user.go:138.15,140.3 1 0
tea-logistics/pkg/repository/user.go:142.2,142.12 1 0
tea-logistics/pkg/repository/user.go:146.105,157.16 3 0
tea-logistics/pkg/repository/user.go:157.16,159.3 1 0
tea-logistics/pkg/repository/user.go:161.2,162.16 2 0
tea-logistics/pkg/repository/user.go:162.16,164.3 1 0
tea-logistics/pkg/repository/user.go:165.2,165.15 1 0
tea-logistics/pkg/repository/user.go:165.15,167.3 1 0
tea-logistics/pkg/repository/user.go:169.2,169.12 1 0
tea-logistics/pkg/services/delivery.go:29.20,35.2 1 4
tea-logistics/pkg/services/delivery.go:38.124,41.16 2 1
tea-logistics/pkg/services/delivery.go:41.16,43.3 1 0
tea-logistics/pkg/services/delivery.go:45.2,45.39 1 1
tea-logistics/pkg/services/delivery.go:45.39,47.3 1 0
tea-logistics/pkg/services/delivery.go:50.2,51.72 2 1
tea-logistics/pkg/services/delivery.go:51.72,53.3 1 0
tea-logistics/pkg/services/delivery.go:56.2,64.61 2 1
tea-logistics/pkg/services/delivery.go:64.61,67.85 2 0
tea-logistics/pkg/services/delivery.go:67.85,69.4 1 0
tea-logistics/pkg/services/delivery.go:70.3,70.59 1 0
tea-logistics/pkg/services/delivery.go:74.2,80.61 2 1
tea-logistics/pkg/services/delivery.go:80.61,82.3 1 0
tea-logistics/pkg/services/delivery.go:85.2,85.28 1 1
tea-logistics/pkg/services/delivery.go:85.28,86.83 1 1
tea-logistics/pkg/services/delivery.go:86.83,89.4 1 0
tea-logistics/pkg/services/delivery.go:92.2,92.22 1 1
tea-logistics/pkg/services/delivery.go:96.96,98.16 2 1
tea-logistics/pkg/services/delivery.go:98.16,100.3 1 0
tea-logistics/pkg/services/delivery.go:102.2,102.22 1 1
tea-logistics/pkg/services/delivery.go:106.91,108.16 2 0
tea-logistics/pkg/services/delivery.go:108.16,110.3 1 0
tea-logistics/pkg/services/delivery.go:112.2,112.24 1 0
tea-logistics/pkg/services/delivery.go:116.100,118.16 2 1
tea-logistics/pkg/services/delivery.go:118.16,120.3 1 0
tea-logistics/pkg/services/delivery.go:122.2,123.27 2 1
tea-logistics/pkg/services/delivery.go:123.27,125.3 1 0
tea-logistics/pkg/services/delivery.go:127.2,127.61 1 1
tea-logistics/pkg/services/delivery.go:127.61,129.3 1 0
tea-logistics/pkg/services/delivery.go:132.2,132.28 1 1
tea-logistics/pkg/services/delivery.go:132.28,133.83 1 1
tea-logistics/pkg/services/delivery.go:133.83,136.4 1 0
tea-logistics/pkg/services/delivery.go:139.2,139.12 1 1
tea-logistics/pkg/services/delivery.go:143.140,151.69 2 0
tea-logistics/pkg/services/delivery.go:151.69,153.3 1 0
tea-logistics/pkg/services/delivery.go:156.2,156.28 1 0
tea-logistics/pkg/services/delivery.go:156.28,157.79 1 0
tea-logistics/pkg/services/delivery.go:157.79,160.4 1 0
tea-logistics/pkg/services/delivery.go:163.2,163.22 1 0
tea-logistics/pkg/services/delivery.go:167.124,169.16 2 0
tea-logistics/pkg/services/delivery.go:169.16,171.3 1 0
tea-logistics/pkg/services/delivery.go:173.2,173.23 1 0
tea-logistics/pkg/services/delivery.go:177.81,179.16 2 1
tea-logistics/pkg/services/delivery.go:179.16,181.3 1 0
tea-logistics/pkg/services/delivery.go:183.2,183.37 1 1
tea-logistics/pkg/services/delivery.go:183.37,185.3 1 0
tea-logistics/pkg/services/delivery.go:188.2,189.16 2 1
tea-logistics/pkg/services/delivery.go:189.16,191.3 1 0
tea-logistics/pkg/services/delivery.go:193.2,193.29 1 1
tea-logistics/pkg/services/delivery.go:193.29,195.17 2 1
tea-logistics/pkg/services/delivery.go:195.17,197.4 1 0
tea-logistics/pkg/services/delivery.go:199.3,200.73 2 1
tea-logistics/pkg/services/delivery.go:200.73,202.4 1 0
tea-logistics/pkg/services/delivery.go:206.2,209.61 3 1
tea-logistics/pkg/services/delivery.go:209.61,211.3 1 0
tea-logistics/pkg/services/delivery.go:214.2,214.28 1 1
tea-logistics/pkg/services/delivery.go:214.28,215.79 1 1
tea-logistics/pkg/services/delivery.go:215.79,218.4 1 0
tea-logistics/pkg/services/delivery.go:221.2,221.12 1 1
tea-logistics/pkg/services/inventory.go:22.81,24.2 1 5
tea-logistics/pkg/services/inventory.go:27.128,35.63 2 1
tea-logistics/pkg/services/inventory.go:35.63,37.3 1 0
tea-logistics/pkg/services/inventory.go:39.2,39.23 1 1
tea-logistics/pkg/services/inventory.go:43.99,45.16 2 1
tea-logistics/pkg/services/inventory.go:45.16,47.3 1 0
tea-logistics/pkg/services/inventory.go:49.2,49.23 1 1
tea-logistics/pkg/services/inventory.go:53.94,55.16 2 1
tea-logistics/pkg/services/inventory.go:55.16,57.3 1 0
tea-logistics/pkg/services/inventory.go:59.2,59.25 1 1
tea-logistics/pkg/services/inventory.go:63.138,65.16 2 1
tea-logistics/pkg/services/inventory.go:65.16,67.3 1 0
tea-logistics/pkg/services/inventory.go:69.2,73.63 4 1
tea-logistics/pkg/services/inventory.go:73.63,75.3 1 0
tea-logistics/pkg/services/inventory.go:77.2,77.23 1 1
tea-logistics/pkg/services/inventory.go:81.81,82.56 1 0
tea-logistics/pkg/services/inventory.go:82.56,84.3 1 0
tea-logistics/pkg/services/inventory.go:86.2,86.12 1 0
tea-logistics/pkg/services/inventory.go:90.115,92.16 2 0
tea-logistics/pkg/services/inventory.go:92.16,94.3 1 0
tea-logistics/pkg/services/inventory.go:96.2,96.23 1 0
tea-logistics/pkg/services/inventory.go:100.94,101.65 1 0
tea-logistics/pkg/services/inventory.go:101.65,103.3 1 0
tea-logistics/pkg/services/inventory.go:105.2,105.12 1 0
tea-logistics/pkg/services/inventory.go:109.118,111.16 2 0
tea-logistics/pkg/services/inventory.go:111.16,113.3 1 0
tea-logistics/pkg/services/inventory.go:115.2,115.25 1 0
tea-logistics/pkg/services/inventory.go:119.134,122.19 2 1
tea-logistics/pkg/services/inventory.go:122.19,124.6 1 0
tea-logistics/pkg/services/inventory.go:127.5,127.46 1 1
tea-logistics/pkg/services/inventory.go:127.46,129.6 1 0
tea-logistics/pkg/services/inventory.go:132.5,132.109 1 1
tea-logistics/pkg/services/inventory.go:132.109,134.6 1 0
tea-logistics/pkg/services/inventory.go:137.5,138.19 2 1
tea-logistics/pkg/services/inventory.go:138.19,140.109 1 0
tea-logistics/pkg/services/inventory.go:140.109,142.10 1 0
tea-logistics/pkg/services/inventory.go:143.11,151.73 2 1
tea-logistics/pkg/services/inventory.go:151.73,153.10 1 0
tea-logistics/pkg/services/inventory.go:157.5,167.64 2 1
tea-logistics/pkg/services/inventory.go:167.64,169.6 1 0
tea-logistics/pkg/services/inventory.go:171.5,171.25 1 1
tea-logistics/pkg/services/inventory.go:175.117,177.16 2 0
tea-logistics/pkg/services/inventory.go:177.16,179.3 1 0
tea-logistics/pkg/services/inventory.go:181.2,181.23 1 0
tea-logistics/pkg/services/inventory.go:185.130,187.16 2 2
tea-logistics/pkg/services/inventory.go:187.16,189.3 1 0
tea-logistics/pkg/services/inventory.go:191.2,191.34 1 2
tea-logistics/pkg/services/inventory.go:191.34,192.33 1 1
tea-logistics/pkg/services/inventory.go:192.33,194.4 1 1
tea-logistics/pkg/services/inventory.go:197.2,197.58 1 1
tea-logistics/pkg/services/inventory.go:201.127,203.16 2 0
tea-logistics/pkg/services/inventory.go:203.16,205.3 1 0
tea-logistics/pkg/services/inventory.go:207.2,207.75 1 0
tea-logistics/pkg/services/inventory.go:207.75,209.3 1 0
tea-logistics/pkg/services/inventory.go:211.2,211.12 1 0
tea-logistics/pkg/services/inventory.go:215.137,218.16 2 0
tea-logistics/pkg/services/inventory.go:218.16,220.3 1 0
tea-logistics/pkg/services/inventory.go:222.2,222.39 1 0
tea-logistics/pkg/services/inventory.go:222.39,224.3 1 0
tea-logistics/pkg/services/inventory.go:227.2,228.16 2 0
tea-logistics/pkg/services/inventory.go:228.16,236.66 2 0
tea-logistics/pkg/services/inventory.go:236.66,238.4 1 0
tea-logistics/pkg/services/inventory.go:242.2,242.102 1 0
tea-logistics/pkg/services/inventory.go:242.102,244.3 1 0
tea-logistics/pkg/services/inventory.go:247.2,247.98 1 0
tea-logistics/pkg/services/inventory.go:247.98,249.108 1 0
tea-logistics/pkg/services/inventory.go:249.108,251.4 1 0
tea-logistics/pkg/services/inventory.go:252.3,252.63 1 0
tea-logistics/pkg/services/inventory.go:255.2,255.12 1 0
tea-logistics/pkg/services/inventory.go:259.129,261.16 2 0
tea-logistics/pkg/services/inventory.go:261.16,263.3 1 0
tea-logistics/pkg/services/inventory.go:265.2,265.44 1 0
tea-logistics/pkg/services/notification_service.go:36.133,41.2 1 0
tea-logistics/pkg/services/notification_service.go:44.144,56.69 2 0
tea-logistics/pkg/services/notification_service.go:56.69,58.3 1 0
tea-logistics/pkg/services/notification_service.go:60.2,60.26 1 0
tea-logistics/pkg/services/notification_service.go:64.112,66.16 2 0
tea-logistics/pkg/services/notification_service.go:66.16,68.3 1 0
tea-logistics/pkg/services/notification_service.go:70.2,70.26 1 0
tea-logistics/pkg/services/notification_service.go:74.120,76.16 2 0
tea-logistics/pkg/services/notification_service.go:76.16,78.3 1 0
tea-logistics/pkg/services/notification_service.go:80.2,80.27 1 0
tea-logistics/pkg/services/notification_service.go:84.83,85.96 1 0
tea-logistics/pkg/services/notification_service.go:85.96,87.3 1 0
tea-logistics/pkg/services/notification_service.go:89.2,89.12 1 0
tea-logistics/pkg/services/notification_service.go:93.91,94.59 1 0
tea-logistics/pkg/services/notification_service.go:94.59,96.3 1 0
tea-logistics/pkg/services/notification_service.go:98.2,98.12 1 0
tea-logistics/pkg/services/notification_service.go:102.116,115.16 3 0
tea-logistics/pkg/services/notification_service.go:115.16,117.3 1 0
tea-logistics/pkg/services/notification_service.go:119.2,119.12 1 0
tea-logistics/pkg/services/notification_service.go:123.112,136.16 3 0
tea-logistics/pkg/services/notification_service.go:136.16,138.3 1 0
tea-logistics/pkg/services/notification_service.go:140.2,140.12 1 0
tea-logistics/pkg/services/notification_service.go:144.120,147.16 2 0
tea-logistics/pkg/services/notification_service.go:147.16,149.3 1 0
tea-logistics/pkg/services/notification_service.go:151.2,164.16 3 0
tea-logistics/pkg/services/notification_service.go:164.16,166.3 1 0
tea-logistics/pkg/services/notification_service.go:168.2,168.12 1 0
tea-logistics/pkg/services/product.go:22.75,24.2 1 5
tea-logistics/pkg/services/product.go:27.120,37.59 2 1
tea-logistics/pkg/services/product.go:37.59,39.3 1 0
tea-logistics/pkg/services/product.go:41.2,41.21 1 1
tea-logistics/pkg/services/product.go:45.93,47.16 2 1
tea-logistics/pkg/services/product.go:47.16,49.3 1 0
tea-logistics/pkg/services/product.go:51.2,51.21 1 1
tea-logistics/pkg/services/product.go:55.87,57.16 2 1
tea-logistics/pkg/services/product.go:57.16,59.3 1 0
tea-logistics/pkg/services/product.go:61.2,61.22 1 1
tea-logistics/pkg/services/product.go:65.130,67.16 2 1
tea-logistics/pkg/services/product.go:67.16,69.3 1 0
tea-logistics/pkg/services/product.go:71.2,78.59 7 1
tea-logistics/pkg/services/product.go:78.59,80.3 1 0
tea-logistics/pkg/services/product.go:82.2,82.21 1 1
tea-logistics/pkg/services/product.go:86.77,87.54 1 1
tea-logistics/pkg/services/product.go:87.54,89.3 1 0
tea-logistics/pkg/services/product.go:91.2,91.12 1 1
tea-logistics/pkg/services/tracking.go:23.87,25.2 1 0
tea-logistics/pkg/services/tracking.go:28.136,37.69 2 0
tea-logistics/pkg/services/tracking.go:37.69,39.3 1 0
tea-logistics/pkg/services/tracking.go:42.2,48.68 2 0
tea-logistics/pkg/services/tracking.go:48.68,50.3 1 0
tea-logistics/pkg/services/tracking.go:52.2,52.22 1 0
tea-logistics/pkg/services/tracking.go:56.161,58.95 1 0
tea-logistics/pkg/services/tracking.go:58.95,60.3 1 0
tea-logistics/pkg/services/tracking.go:63.2,69.68 2 0
tea-logistics/pkg/services/tracking.go:69.68,71.3 1 0
tea-logistics/pkg/services/tracking.go:73.2,73.12 1 0
tea-logistics/pkg/services/tracking.go:77.100,80.16 2 0
tea-logistics/pkg/services/tracking.go:80.16,82.3 1 0
tea-logistics/pkg/services/tracking.go:85.2,85.68 1 0
tea-logistics/pkg/services/tracking.go:85.68,87.3 1 0
tea-logistics/pkg/services/tracking.go:90.2,91.16 2 0
tea-logistics/pkg/services/tracking.go:91.16,93.99 1 0
tea-logistics/pkg/services/tracking.go:93.99,96.4 1 0
tea-logistics/pkg/services/tracking.go:99.3,99.87 1 0
tea-logistics/pkg/services/tracking.go:99.87,102.4 1 0
tea-logistics/pkg/services/tracking.go:105.2,105.12 1 0
tea-logistics/pkg/services/tracking.go:109.113,111.2 1 0
tea-logistics/pkg/services/tracking.go:114.112,116.81 1 0
tea-logistics/pkg/services/tracking.go:116.81,118.3 1 0
tea-logistics/pkg/services/tracking.go:121.2,121.79 1 0
tea-logistics/pkg/services/tracking.go:121.79,123.3 1 0
tea-logistics/pkg/services/tracking.go:125.2,125.12 1 0
tea-logistics/pkg/services/tracking.go:129.123,131.2 1 0
tea-logistics/pkg/services/user.go:26.67,28.2 1 0
tea-logistics/pkg/services/user.go:31.92,33.16 2 0
tea-logistics/pkg/services/user.go:33.16,35.3 1 0
tea-logistics/pkg/services/user.go:37.2,37.39 1 0
tea-logistics/pkg/services/user.go:37.39,39.3 1 0
tea-logistics/pkg/services/user.go:42.2,43.16 2 0
tea-logistics/pkg/services/user.go:43.16,45.3 1 0
tea-logistics/pkg/services/user.go:47.2,54.16 3 0
tea-logistics/pkg/services/user.go:54.16,56.3 1 0
tea-logistics/pkg/services/user.go:58.2,58.25 1 0
tea-logistics/pkg/services/user.go:62.88,65.16 2 0
tea-logistics/pkg/services/user.go:65.16,67.3 1 0
tea-logistics/pkg/services/user.go:69.2,78.44 2 0
tea-logistics/pkg/services/user.go:78.44,80.3 1 0
tea-logistics/pkg/services/user.go:82.2,82.53 1 0
tea-logistics/pkg/services/user.go:82.53,84.3 1 0
tea-logistics/pkg/services/user.go:86.2,86.12 1 0
tea-logistics/pkg/services/user.go:90.91,92.2 1 0
tea-logistics/pkg/services/user.go:95.112,97.16 2 0
tea-logistics/pkg/services/user.go:97.16,99.3 1 0
tea-logistics/pkg/services/user.go:101.2,102.37 2 0
tea-logistics/pkg/services/user.go:106.114,108.16 2 0
tea-logistics/pkg/services/user.go:108.16,110.3 1 0
tea-logistics/pkg/services/user.go:112.2,112.42 1 0
tea-logistics/pkg/services/user.go:112.42,114.3 1 0
tea-logistics/pkg/services/user.go:116.2,117.44 2 0
tea-logistics/pkg/services/user.go:117.44,119.3 1 0
tea-logistics/pkg/services/user.go:121.2,121.58 1 0
tea-logistics/pkg/tests/test_helpers.go:21.34,22.19 1 1
tea-logistics/pkg/tests/test_helpers.go:22.19,24.3 1 0
tea-logistics/pkg/tests/test_helpers.go:27.2,28.18 2 1
tea-logistics/pkg/tests/test_helpers.go:28.18,30.3 1 1
tea-logistics/pkg/tests/test_helpers.go:31.2,32.18 2 1
tea-logistics/pkg/tests/test_helpers.go:32.18,34.3 1 1
tea-logistics/pkg/tests/test_helpers.go:35.2,36.18 2 1
tea-logistics/pkg/tests/test_helpers.go:36.18,38.3 1 1
tea-logistics/pkg/tests/test_helpers.go:39.2,40.18 2 1
tea-logistics/pkg/tests/test_helpers.go:40.18,42.3 1 1
tea-logistics/pkg/tests/test_helpers.go:43.2,44.22 2 1
tea-logistics/pkg/tests/test_helpers.go:44.22,46.3 1 1
tea-logistics/pkg/tests/test_helpers.go:49.2,54.16 3 1
tea-logistics/pkg/tests/test_helpers.go:54.16,56.3 1 0
tea-logistics/pkg/tests/test_helpers.go:59.2,59.45 1 1
tea-logistics/pkg/tests/test_helpers.go:59.45,61.3 1 0
tea-logistics/pkg/tests/test_helpers.go:63.2,64.38 2 1
tea-logistics/pkg/tests/test_helpers.go:68.22,69.19 1 1
tea-logistics/pkg/tests/test_helpers.go:69.19,71.3 1 0
tea-logistics/pkg/tests/test_helpers.go:74.2,74.50 1 1
tea-logistics/pkg/tests/test_helpers.go:74.50,76.3 1 0
tea-logistics/pkg/tests/test_helpers.go:78.2,78.39 1 1
tea-logistics/pkg/tests/test_helpers.go:78.39,80.3 1 0
tea-logistics/pkg/tests/test_helpers.go:81.2,81.14 1 1
tea-logistics/pkg/tests/test_helpers.go:85.41,120.32 2 1
tea-logistics/pkg/tests/test_helpers.go:120.32,121.43 1 3
tea-logistics/pkg/tests/test_helpers.go:121.43,123.4 1 0
tea-logistics/pkg/tests/test_helpers.go:126.2,126.12 1 1
tea-logistics/pkg/tests/test_helpers.go:130.42,137.32 2 1
tea-logistics/pkg/tests/test_helpers.go:137.32,138.43 1 3
tea-logistics/pkg/tests/test_helpers.go:138.43,140.4 1 0
tea-logistics/pkg/tests/test_helpers.go:143.2,143.12 1 1
